2026-02-07 00:27:18+0800: Running with following config:
logDir = analysis_logs
maxVisits = 50
nnCacheSizePowerOfTwo = 23
nnMaxBatchSize = 64
nnMutexPoolSizePowerOfTwo = 17
nnRandomize = true
numAnalysisThreads = 2
numSearchThreads = 16
reportAnalysisWinratesAs = BLACK

2026-02-07 00:27:18+0800: Analysis Engine starting...
2026-02-07 00:27:18+0800: KataGo v1.16.4
2026-02-07 00:27:18+0800: nnRandSeed0 = 2426608600713121217
2026-02-07 00:27:18+0800: After dedups: nnModelFile0 = /Users/haoc/.openclaw/workspace/katago_model.bin.gz useFP16 auto useNHWC auto
2026-02-07 00:27:18+0800: Initializing neural net buffer to be size 19 * 19 allowing smaller boards
2026-02-07 00:27:18+0800: Loaded config /opt/homebrew/share/katago/configs/analysis_example.cfg and/or command-line and query overrides
2026-02-07 00:27:18+0800: Loaded model /Users/haoc/.openclaw/workspace/katago_model.bin.gz
2026-02-07 00:27:18+0800: Config override: maxVisits = 50
2026-02-07 00:27:18+0800: Config override: numAnalysisThreads = 2
2026-02-07 00:27:18+0800: Analyzing up to 2 positions at a time in parallel
2026-02-07 00:27:18+0800: Started, ready to begin handling requests
2026-02-07 00:27:18+0800: Error: {"error":"[json.exception.parse_error.101] parse error at line 1, column 1: syntax error while parsing value - invalid literal; last read: '(' - could not parse input line as json request: (;FF[4]CA[UTF-8]SZ[19]"}
2026-02-07 00:27:18+0800: Error: {"error":"[json.exception.parse_error.101] parse error at line 1, column 1: syntax error while parsing value - invalid literal; last read: 'K' - could not parse input line as json request: KM[6.5]"}
2026-02-07 00:27:18+0800: Error: {"error":"[json.exception.parse_error.101] parse error at line 1, column 1: syntax error while parsing value - invalid literal; last read: 'P' - could not parse input line as json request: PB[Black]"}
2026-02-07 00:27:18+0800: Error: {"error":"[json.exception.parse_error.101] parse error at line 1, column 1: syntax error while parsing value - invalid literal; last read: 'P' - could not parse input line as json request: PW[White]"}
2026-02-07 00:27:18+0800: Error: {"error":"[json.exception.parse_error.101] parse error at line 1, column 1: syntax error while parsing value - invalid literal; last read: 'D' - could not parse input line as json request: DT[2026-02-06]"}
2026-02-07 00:27:18+0800: Error: {"error":"[json.exception.parse_error.101] parse error at line 1, column 1: syntax error while parsing value - invalid literal; last read: 'R' - could not parse input line as json request: RE[Unknown]"}
2026-02-07 00:27:18+0800: Error: {"error":"[json.exception.parse_error.101] parse error at line 1, column 1: syntax error while parsing value - invalid literal; last read: 'B' - could not parse input line as json request: B[ha]"}
2026-02-07 00:27:18+0800: Error: {"error":"[json.exception.parse_error.101] parse error at line 1, column 1: syntax error while parsing value - invalid literal; last read: 'B' - could not parse input line as json request: B[ja]"}
2026-02-07 00:27:18+0800: Error: {"error":"[json.exception.parse_error.101] parse error at line 1, column 1: syntax error while parsing value - invalid literal; last read: 'B' - could not parse input line as json request: B[ka]"}
2026-02-07 00:27:18+0800: Error: {"error":"[json.exception.parse_error.101] parse error at line 1, column 1: syntax error while parsing value - invalid literal; last read: 'B' - could not parse input line as json request: B[la]"}
2026-02-07 00:27:18+0800: Error: {"error":"[json.exception.parse_error.101] parse error at line 1, column 1: syntax error while parsing value - invalid literal; last read: 'W' - could not parse input line as json request: W[pa]"}
2026-02-07 00:27:18+0800: Error: {"error":"[json.exception.parse_error.101] parse error at line 1, column 1: syntax error while parsing value - invalid literal; last read: 'W' - could not parse input line as json request: W[cb]"}
2026-02-07 00:27:18+0800: Error: {"error":"[json.exception.parse_error.101] parse error at line 1, column 1: syntax error while parsing value - invalid literal; last read: 'W' - could not parse input line as json request: W[eb]"}
2026-02-07 00:27:18+0800: Error: {"error":"[json.exception.parse_error.101] parse error at line 1, column 1: syntax error while parsing value - invalid literal; last read: 'B' - could not parse input line as json request: B[hb]"}
2026-02-07 00:27:18+0800: Error: {"error":"[json.exception.parse_error.101] parse error at line 1, column 1: syntax error while parsing value - invalid literal; last read: 'B' - could not parse input line as json request: B[ib]"}
2026-02-07 00:27:18+0800: Error: {"error":"[json.exception.parse_error.101] parse error at line 1, column 1: syntax error while parsing value - invalid literal; last read: 'B' - could not parse input line as json request: B[jb]"}
2026-02-07 00:27:18+0800: Error: {"error":"[json.exception.parse_error.101] parse error at line 1, column 1: syntax error while parsing value - invalid literal; last read: 'B' - could not parse input line as json request: B[lb]"}
2026-02-07 00:27:18+0800: Error: {"error":"[json.exception.parse_error.101] parse error at line 1, column 1: syntax error while parsing value - invalid literal; last read: 'W' - could not parse input line as json request: W[pb]"}
2026-02-07 00:27:18+0800: Error: {"error":"[json.exception.parse_error.101] parse error at line 1, column 1: syntax error while parsing value - invalid literal; last read: 'W' - could not parse input line as json request: W[qb]"}
2026-02-07 00:27:18+0800: Error: {"error":"[json.exception.parse_error.101] parse error at line 1, column 1: syntax error while parsing value - invalid literal; last read: 'W' - could not parse input line as json request: W[ac]"}
2026-02-07 00:27:18+0800: Error: {"error":"[json.exception.parse_error.101] parse error at line 1, column 1: syntax error while parsing value - invalid literal; last read: 'B' - could not parse input line as json request: B[gc]"}
2026-02-07 00:27:18+0800: Error: {"error":"[json.exception.parse_error.101] parse error at line 1, column 1: syntax error while parsing value - invalid literal; last read: 'B' - could not parse input line as json request: B[jc]"}
2026-02-07 00:27:18+0800: Error: {"error":"[json.exception.parse_error.101] parse error at line 1, column 1: syntax error while parsing value - invalid literal; last read: 'B' - could not parse input line as json request: B[lc]"}
2026-02-07 00:27:18+0800: Error: {"error":"[json.exception.parse_error.101] parse error at line 1, column 1: syntax error while parsing value - invalid literal; last read: 'B' - could not parse input line as json request: B[cd]"}
2026-02-07 00:27:18+0800: Error: {"error":"[json.exception.parse_error.101] parse error at line 1, column 1: syntax error while parsing value - invalid literal; last read: 'W' - could not parse input line as json request: W[ed]"}
2026-02-07 00:27:18+0800: Error: {"error":"[json.exception.parse_error.101] parse error at line 1, column 1: syntax error while parsing value - invalid literal; last read: 'B' - could not parse input line as json request: B[fd]"}
2026-02-07 00:27:18+0800: Error: {"error":"[json.exception.parse_error.101] parse error at line 1, column 1: syntax error while parsing value - invalid literal; last read: 'B' - could not parse input line as json request: B[hd]"}
2026-02-07 00:27:18+0800: Error: {"error":"[json.exception.parse_error.101] parse error at line 1, column 1: syntax error while parsing value - invalid literal; last read: 'B' - could not parse input line as json request: B[id]"}
2026-02-07 00:27:18+0800: Error: {"error":"[json.exception.parse_error.101] parse error at line 1, column 1: syntax error while parsing value - invalid literal; last read: 'B' - could not parse input line as json request: B[kd]"}
2026-02-07 00:27:18+0800: Error: {"error":"[json.exception.parse_error.101] parse error at line 1, column 1: syntax error while parsing value - invalid literal; last read: 'B' - could not parse input line as json request: B[nd]"}
2026-02-07 00:27:18+0800: Error: {"error":"[json.exception.parse_error.101] parse error at line 1, column 1: syntax error while parsing value - invalid literal; last read: 'W' - could not parse input line as json request: W[pd]"}
2026-02-07 00:27:18+0800: Error: {"error":"[json.exception.parse_error.101] parse error at line 1, column 1: syntax error while parsing value - invalid literal; last read: 'W' - could not parse input line as json request: W[ae]"}
2026-02-07 00:27:18+0800: Error: {"error":"[json.exception.parse_error.101] parse error at line 1, column 1: syntax error while parsing value - invalid literal; last read: 'B' - could not parse input line as json request: B[ce]"}
2026-02-07 00:27:18+0800: Error: {"error":"[json.exception.parse_error.101] parse error at line 1, column 1: syntax error while parsing value - invalid literal; last read: 'B' - could not parse input line as json request: B[ge]"}
2026-02-07 00:27:18+0800: Error: {"error":"[json.exception.parse_error.101] parse error at line 1, column 1: syntax error while parsing value - invalid literal; last read: 'B' - could not parse input line as json request: B[je]"}
2026-02-07 00:27:18+0800: Error: {"error":"[json.exception.parse_error.101] parse error at line 1, column 1: syntax error while parsing value - invalid literal; last read: 'B' - could not parse input line as json request: B[le]"}
2026-02-07 00:27:18+0800: Error: {"error":"[json.exception.parse_error.101] parse error at line 1, column 1: syntax error while parsing value - invalid literal; last read: 'W' - could not parse input line as json request: W[pe]"}
2026-02-07 00:27:18+0800: Error: {"error":"[json.exception.parse_error.101] parse error at line 1, column 1: syntax error while parsing value - invalid literal; last read: 'W' - could not parse input line as json request: W[bf]"}
2026-02-07 00:27:18+0800: Error: {"error":"[json.exception.parse_error.101] parse error at line 1, column 1: syntax error while parsing value - invalid literal; last read: 'B' - could not parse input line as json request: B[cf]"}
2026-02-07 00:27:18+0800: Error: {"error":"[json.exception.parse_error.101] parse error at line 1, column 1: syntax error while parsing value - invalid literal; last read: 'B' - could not parse input line as json request: B[df]"}
2026-02-07 00:27:18+0800: Error: {"error":"[json.exception.parse_error.101] parse error at line 1, column 1: syntax error while parsing value - invalid literal; last read: 'B' - could not parse input line as json request: B[ef]"}
2026-02-07 00:27:18+0800: Error: {"error":"[json.exception.parse_error.101] parse error at line 1, column 1: syntax error while parsing value - invalid literal; last read: 'B' - could not parse input line as json request: B[hf]"}
2026-02-07 00:27:18+0800: Error: {"error":"[json.exception.parse_error.101] parse error at line 1, column 1: syntax error while parsing value - invalid literal; last read: 'B' - could not parse input line as json request: B[jf]"}
2026-02-07 00:27:18+0800: Error: {"error":"[json.exception.parse_error.101] parse error at line 1, column 1: syntax error while parsing value - invalid literal; last read: 'B' - could not parse input line as json request: B[kf]"}
2026-02-07 00:27:18+0800: Error: {"error":"[json.exception.parse_error.101] parse error at line 1, column 1: syntax error while parsing value - invalid literal; last read: 'B' - could not parse input line as json request: B[mf]"}
2026-02-07 00:27:18+0800: Error: {"error":"[json.exception.parse_error.101] parse error at line 1, column 1: syntax error while parsing value - invalid literal; last read: 'B' - could not parse input line as json request: B[nf]"}
2026-02-07 00:27:18+0800: Error: {"error":"[json.exception.parse_error.101] parse error at line 1, column 1: syntax error while parsing value - invalid literal; last read: 'W' - could not parse input line as json request: W[bg]"}
2026-02-07 00:27:18+0800: Error: {"error":"[json.exception.parse_error.101] parse error at line 1, column 1: syntax error while parsing value - invalid literal; last read: 'B' - could not parse input line as json request: B[cg]"}
2026-02-07 00:27:18+0800: Error: {"error":"[json.exception.parse_error.101] parse error at line 1, column 1: syntax error while parsing value - invalid literal; last read: 'B' - could not parse input line as json request: B[dg]"}
2026-02-07 00:27:18+0800: Error: {"error":"[json.exception.parse_error.101] parse error at line 1, column 1: syntax error while parsing value - invalid literal; last read: 'B' - could not parse input line as json request: B[fg]"}
2026-02-07 00:27:18+0800: Error: {"error":"[json.exception.parse_error.101] parse error at line 1, column 1: syntax error while parsing value - invalid literal; last read: 'B' - could not parse input line as json request: B[hg]"}
2026-02-07 00:27:18+0800: Error: {"error":"[json.exception.parse_error.101] parse error at line 1, column 1: syntax error while parsing value - invalid literal; last read: 'B' - could not parse input line as json request: B[jg]"}
2026-02-07 00:27:18+0800: Error: {"error":"[json.exception.parse_error.101] parse error at line 1, column 1: syntax error while parsing value - invalid literal; last read: 'B' - could not parse input line as json request: B[ng]"}
2026-02-07 00:27:18+0800: Error: {"error":"[json.exception.parse_error.101] parse error at line 1, column 1: syntax error while parsing value - invalid literal; last read: 'B' - could not parse input line as json request: B[og]"}
2026-02-07 00:27:18+0800: Error: {"error":"[json.exception.parse_error.101] parse error at line 1, column 1: syntax error while parsing value - invalid literal; last read: 'B' - could not parse input line as json request: B[pg]"}
2026-02-07 00:27:18+0800: Error: {"error":"[json.exception.parse_error.101] parse error at line 1, column 1: syntax error while parsing value - invalid literal; last read: 'B' - could not parse input line as json request: B[bh]"}
2026-02-07 00:27:18+0800: Error: {"error":"[json.exception.parse_error.101] parse error at line 1, column 1: syntax error while parsing value - invalid literal; last read: 'B' - could not parse input line as json request: B[ch]"}
2026-02-07 00:27:18+0800: Error: {"error":"[json.exception.parse_error.101] parse error at line 1, column 1: syntax error while parsing value - invalid literal; last read: 'B' - could not parse input line as json request: B[eh]"}
2026-02-07 00:27:18+0800: Error: {"error":"[json.exception.parse_error.101] parse error at line 1, column 1: syntax error while parsing value - invalid literal; last read: 'B' - could not parse input line as json request: B[gh]"}
2026-02-07 00:27:18+0800: Error: {"error":"[json.exception.parse_error.101] parse error at line 1, column 1: syntax error while parsing value - invalid literal; last read: 'B' - could not parse input line as json request: B[hh]"}
2026-02-07 00:27:18+0800: Error: {"error":"[json.exception.parse_error.101] parse error at line 1, column 1: syntax error while parsing value - invalid literal; last read: 'B' - could not parse input line as json request: B[ih]"}
2026-02-07 00:27:18+0800: Error: {"error":"[json.exception.parse_error.101] parse error at line 1, column 1: syntax error while parsing value - invalid literal; last read: 'B' - could not parse input line as json request: B[jh]"}
2026-02-07 00:27:18+0800: Error: {"error":"[json.exception.parse_error.101] parse error at line 1, column 1: syntax error while parsing value - invalid literal; last read: 'B' - could not parse input line as json request: B[kh]"}
2026-02-07 00:27:18+0800: Error: {"error":"[json.exception.parse_error.101] parse error at line 1, column 1: syntax error while parsing value - invalid literal; last read: 'B' - could not parse input line as json request: B[qh]"}
2026-02-07 00:27:18+0800: Error: {"error":"[json.exception.parse_error.101] parse error at line 1, column 1: syntax error while parsing value - invalid literal; last read: 'B' - could not parse input line as json request: B[ci]"}
2026-02-07 00:27:18+0800: Error: {"error":"[json.exception.parse_error.101] parse error at line 1, column 1: syntax error while parsing value - invalid literal; last read: 'B' - could not parse input line as json request: B[di]"}
2026-02-07 00:27:18+0800: Error: {"error":"[json.exception.parse_error.101] parse error at line 1, column 1: syntax error while parsing value - invalid literal; last read: 'B' - could not parse input line as json request: B[gi]"}
2026-02-07 00:27:18+0800: Error: {"error":"[json.exception.parse_error.101] parse error at line 1, column 1: syntax error while parsing value - invalid literal; last read: 'W' - could not parse input line as json request: W[ii]"}
2026-02-07 00:27:18+0800: Error: {"error":"[json.exception.parse_error.101] parse error at line 1, column 1: syntax error while parsing value - invalid literal; last read: 'B' - could not parse input line as json request: B[ki]"}
2026-02-07 00:27:18+0800: Error: {"error":"[json.exception.parse_error.101] parse error at line 1, column 1: syntax error while parsing value - invalid literal; last read: 'B' - could not parse input line as json request: B[li]"}
2026-02-07 00:27:18+0800: Error: {"error":"[json.exception.parse_error.101] parse error at line 1, column 1: syntax error while parsing value - invalid literal; last read: 'B' - could not parse input line as json request: B[mi]"}
2026-02-07 00:27:18+0800: Error: {"error":"[json.exception.parse_error.101] parse error at line 1, column 1: syntax error while parsing value - invalid literal; last read: 'B' - could not parse input line as json request: B[aj]"}
2026-02-07 00:27:18+0800: Error: {"error":"[json.exception.parse_error.101] parse error at line 1, column 1: syntax error while parsing value - invalid literal; last read: 'B' - could not parse input line as json request: B[bj]"}
2026-02-07 00:27:18+0800: Error: {"error":"[json.exception.parse_error.101] parse error at line 1, column 1: syntax error while parsing value - invalid literal; last read: 'B' - could not parse input line as json request: B[cj]"}
2026-02-07 00:27:18+0800: Error: {"error":"[json.exception.parse_error.101] parse error at line 1, column 1: syntax error while parsing value - invalid literal; last read: 'W' - could not parse input line as json request: W[dj]"}
2026-02-07 00:27:18+0800: Error: {"error":"[json.exception.parse_error.101] parse error at line 1, column 1: syntax error while parsing value - invalid literal; last read: 'B' - could not parse input line as json request: B[ej]"}
2026-02-07 00:27:18+0800: Error: {"error":"[json.exception.parse_error.101] parse error at line 1, column 1: syntax error while parsing value - invalid literal; last read: 'B' - could not parse input line as json request: B[gj]"}
2026-02-07 00:27:18+0800: Error: {"error":"[json.exception.parse_error.101] parse error at line 1, column 1: syntax error while parsing value - invalid literal; last read: 'B' - could not parse input line as json request: B[hj]"}
2026-02-07 00:27:18+0800: Error: {"error":"[json.exception.parse_error.101] parse error at line 1, column 1: syntax error while parsing value - invalid literal; last read: 'B' - could not parse input line as json request: B[ij]"}
2026-02-07 00:27:18+0800: Error: {"error":"[json.exception.parse_error.101] parse error at line 1, column 1: syntax error while parsing value - invalid literal; last read: 'B' - could not parse input line as json request: B[kj]"}
2026-02-07 00:27:18+0800: Error: {"error":"[json.exception.parse_error.101] parse error at line 1, column 1: syntax error while parsing value - invalid literal; last read: 'B' - could not parse input line as json request: B[lj]"}
2026-02-07 00:27:18+0800: Error: {"error":"[json.exception.parse_error.101] parse error at line 1, column 1: syntax error while parsing value - invalid literal; last read: 'B' - could not parse input line as json request: B[qj]"}
2026-02-07 00:27:18+0800: Error: {"error":"[json.exception.parse_error.101] parse error at line 1, column 1: syntax error while parsing value - invalid literal; last read: 'W' - could not parse input line as json request: W[bk]"}
2026-02-07 00:27:18+0800: Error: {"error":"[json.exception.parse_error.101] parse error at line 1, column 1: syntax error while parsing value - invalid literal; last read: 'W' - could not parse input line as json request: W[ck]"}
2026-02-07 00:27:18+0800: Error: {"error":"[json.exception.parse_error.101] parse error at line 1, column 1: syntax error while parsing value - invalid literal; last read: 'B' - could not parse input line as json request: B[dk]"}
2026-02-07 00:27:18+0800: Error: {"error":"[json.exception.parse_error.101] parse error at line 1, column 1: syntax error while parsing value - invalid literal; last read: 'B' - could not parse input line as json request: B[ek]"}
2026-02-07 00:27:18+0800: Error: {"error":"[json.exception.parse_error.101] parse error at line 1, column 1: syntax error while parsing value - invalid literal; last read: 'B' - could not parse input line as json request: B[fk]"}
2026-02-07 00:27:18+0800: Error: {"error":"[json.exception.parse_error.101] parse error at line 1, column 1: syntax error while parsing value - invalid literal; last read: 'W' - could not parse input line as json request: W[hk]"}
2026-02-07 00:27:18+0800: Error: {"error":"[json.exception.parse_error.101] parse error at line 1, column 1: syntax error while parsing value - invalid literal; last read: 'B' - could not parse input line as json request: B[ik]"}
2026-02-07 00:27:18+0800: Error: {"error":"[json.exception.parse_error.101] parse error at line 1, column 1: syntax error while parsing value - invalid literal; last read: 'B' - could not parse input line as json request: B[jk]"}
2026-02-07 00:27:18+0800: Error: {"error":"[json.exception.parse_error.101] parse error at line 1, column 1: syntax error while parsing value - invalid literal; last read: 'B' - could not parse input line as json request: B[nk]"}
2026-02-07 00:27:18+0800: Error: {"error":"[json.exception.parse_error.101] parse error at line 1, column 1: syntax error while parsing value - invalid literal; last read: 'B' - could not parse input line as json request: B[pk]"}
2026-02-07 00:27:18+0800: Error: {"error":"[json.exception.parse_error.101] parse error at line 1, column 1: syntax error while parsing value - invalid literal; last read: 'W' - could not parse input line as json request: W[al]"}
2026-02-07 00:27:18+0800: Error: {"error":"[json.exception.parse_error.101] parse error at line 1, column 1: syntax error while parsing value - invalid literal; last read: 'W' - could not parse input line as json request: W[bl]"}
2026-02-07 00:27:18+0800: Error: {"error":"[json.exception.parse_error.101] parse error at line 1, column 1: syntax error while parsing value - invalid literal; last read: 'W' - could not parse input line as json request: W[cl]"}
2026-02-07 00:27:18+0800: Error: {"error":"[json.exception.parse_error.101] parse error at line 1, column 1: syntax error while parsing value - invalid literal; last read: 'B' - could not parse input line as json request: B[dl]"}
2026-02-07 00:27:18+0800: Error: {"error":"[json.exception.parse_error.101] parse error at line 1, column 1: syntax error while parsing value - invalid literal; last read: 'B' - could not parse input line as json request: B[el]"}
2026-02-07 00:27:18+0800: Error: {"error":"[json.exception.parse_error.101] parse error at line 1, column 1: syntax error while parsing value - invalid literal; last read: 'W' - could not parse input line as json request: W[gl]"}
2026-02-07 00:27:18+0800: Error: {"error":"[json.exception.parse_error.101] parse error at line 1, column 1: syntax error while parsing value - invalid literal; last read: 'W' - could not parse input line as json request: W[hl]"}
2026-02-07 00:27:18+0800: Error: {"error":"[json.exception.parse_error.101] parse error at line 1, column 1: syntax error while parsing value - invalid literal; last read: 'B' - could not parse input line as json request: B[kl]"}
2026-02-07 00:27:18+0800: Error: {"error":"[json.exception.parse_error.101] parse error at line 1, column 1: syntax error while parsing value - invalid literal; last read: 'B' - could not parse input line as json request: B[nl]"}
2026-02-07 00:27:18+0800: Error: {"error":"[json.exception.parse_error.101] parse error at line 1, column 1: syntax error while parsing value - invalid literal; last read: 'B' - could not parse input line as json request: B[ol]"}
2026-02-07 00:27:18+0800: Error: {"error":"[json.exception.parse_error.101] parse error at line 1, column 1: syntax error while parsing value - invalid literal; last read: 'B' - could not parse input line as json request: B[pl]"}
2026-02-07 00:27:18+0800: Error: {"error":"[json.exception.parse_error.101] parse error at line 1, column 1: syntax error while parsing value - invalid literal; last read: 'B' - could not parse input line as json request: B[ql]"}
2026-02-07 00:27:18+0800: Error: {"error":"[json.exception.parse_error.101] parse error at line 1, column 1: syntax error while parsing value - invalid literal; last read: 'W' - could not parse input line as json request: W[am]"}
2026-02-07 00:27:18+0800: Error: {"error":"[json.exception.parse_error.101] parse error at line 1, column 1: syntax error while parsing value - invalid literal; last read: 'W' - could not parse input line as json request: W[bm]"}
2026-02-07 00:27:18+0800: Error: {"error":"[json.exception.parse_error.101] parse error at line 1, column 1: syntax error while parsing value - invalid literal; last read: 'B' - could not parse input line as json request: B[cm]"}
2026-02-07 00:27:18+0800: Error: {"error":"[json.exception.parse_error.101] parse error at line 1, column 1: syntax error while parsing value - invalid literal; last read: 'B' - could not parse input line as json request: B[dm]"}
2026-02-07 00:27:18+0800: Error: {"error":"[json.exception.parse_error.101] parse error at line 1, column 1: syntax error while parsing value - invalid literal; last read: 'W' - could not parse input line as json request: W[fm]"}
2026-02-07 00:27:18+0800: Error: {"error":"[json.exception.parse_error.101] parse error at line 1, column 1: syntax error while parsing value - invalid literal; last read: 'W' - could not parse input line as json request: W[gm]"}
2026-02-07 00:27:18+0800: Error: {"error":"[json.exception.parse_error.101] parse error at line 1, column 1: syntax error while parsing value - invalid literal; last read: 'W' - could not parse input line as json request: W[im]"}
2026-02-07 00:27:18+0800: Error: {"error":"[json.exception.parse_error.101] parse error at line 1, column 1: syntax error while parsing value - invalid literal; last read: 'W' - could not parse input line as json request: W[jm]"}
2026-02-07 00:27:18+0800: Error: {"error":"[json.exception.parse_error.101] parse error at line 1, column 1: syntax error while parsing value - invalid literal; last read: 'B' - could not parse input line as json request: B[km]"}
2026-02-07 00:27:18+0800: Error: {"error":"[json.exception.parse_error.101] parse error at line 1, column 1: syntax error while parsing value - invalid literal; last read: 'W' - could not parse input line as json request: W[lm]"}
2026-02-07 00:27:18+0800: Error: {"error":"[json.exception.parse_error.101] parse error at line 1, column 1: syntax error while parsing value - invalid literal; last read: 'W' - could not parse input line as json request: W[mm]"}
2026-02-07 00:27:18+0800: Error: {"error":"[json.exception.parse_error.101] parse error at line 1, column 1: syntax error while parsing value - invalid literal; last read: 'W' - could not parse input line as json request: W[nm]"}
2026-02-07 00:27:18+0800: Error: {"error":"[json.exception.parse_error.101] parse error at line 1, column 1: syntax error while parsing value - invalid literal; last read: 'W' - could not parse input line as json request: W[pm]"}
2026-02-07 00:27:18+0800: Error: {"error":"[json.exception.parse_error.101] parse error at line 1, column 1: syntax error while parsing value - invalid literal; last read: 'W' - could not parse input line as json request: W[qm]"}
2026-02-07 00:27:18+0800: Error: {"error":"[json.exception.parse_error.101] parse error at line 1, column 1: syntax error while parsing value - invalid literal; last read: 'W' - could not parse input line as json request: W[an]"}
2026-02-07 00:27:18+0800: Error: {"error":"[json.exception.parse_error.101] parse error at line 1, column 1: syntax error while parsing value - invalid literal; last read: 'W' - could not parse input line as json request: W[bn]"}
2026-02-07 00:27:18+0800: Error: {"error":"[json.exception.parse_error.101] parse error at line 1, column 1: syntax error while parsing value - invalid literal; last read: 'W' - could not parse input line as json request: W[cn]"}
2026-02-07 00:27:18+0800: Error: {"error":"[json.exception.parse_error.101] parse error at line 1, column 1: syntax error while parsing value - invalid literal; last read: 'W' - could not parse input line as json request: W[dn]"}
2026-02-07 00:27:18+0800: Error: {"error":"[json.exception.parse_error.101] parse error at line 1, column 1: syntax error while parsing value - invalid literal; last read: 'W' - could not parse input line as json request: W[en]"}
2026-02-07 00:27:18+0800: Error: {"error":"[json.exception.parse_error.101] parse error at line 1, column 1: syntax error while parsing value - invalid literal; last read: 'W' - could not parse input line as json request: W[fn]"}
2026-02-07 00:27:18+0800: Error: {"error":"[json.exception.parse_error.101] parse error at line 1, column 1: syntax error while parsing value - invalid literal; last read: 'W' - could not parse input line as json request: W[gn]"}
2026-02-07 00:27:18+0800: Error: {"error":"[json.exception.parse_error.101] parse error at line 1, column 1: syntax error while parsing value - invalid literal; last read: 'W' - could not parse input line as json request: W[in]"}
2026-02-07 00:27:18+0800: Error: {"error":"[json.exception.parse_error.101] parse error at line 1, column 1: syntax error while parsing value - invalid literal; last read: 'W' - could not parse input line as json request: W[kn]"}
2026-02-07 00:27:18+0800: Error: {"error":"[json.exception.parse_error.101] parse error at line 1, column 1: syntax error while parsing value - invalid literal; last read: 'W' - could not parse input line as json request: W[on]"}
2026-02-07 00:27:18+0800: Error: {"error":"[json.exception.parse_error.101] parse error at line 1, column 1: syntax error while parsing value - invalid literal; last read: 'W' - could not parse input line as json request: W[ao]"}
2026-02-07 00:27:18+0800: Error: {"error":"[json.exception.parse_error.101] parse error at line 1, column 1: syntax error while parsing value - invalid literal; last read: 'W' - could not parse input line as json request: W[bo]"}
2026-02-07 00:27:18+0800: Error: {"error":"[json.exception.parse_error.101] parse error at line 1, column 1: syntax error while parsing value - invalid literal; last read: 'W' - could not parse input line as json request: W[co]"}
2026-02-07 00:27:18+0800: Error: {"error":"[json.exception.parse_error.101] parse error at line 1, column 1: syntax error while parsing value - invalid literal; last read: 'W' - could not parse input line as json request: W[do]"}
2026-02-07 00:27:18+0800: Error: {"error":"[json.exception.parse_error.101] parse error at line 1, column 1: syntax error while parsing value - invalid literal; last read: 'W' - could not parse input line as json request: W[eo]"}
2026-02-07 00:27:18+0800: Error: {"error":"[json.exception.parse_error.101] parse error at line 1, column 1: syntax error while parsing value - invalid literal; last read: 'W' - could not parse input line as json request: W[fo]"}
2026-02-07 00:27:18+0800: Error: {"error":"[json.exception.parse_error.101] parse error at line 1, column 1: syntax error while parsing value - invalid literal; last read: 'W' - could not parse input line as json request: W[go]"}
2026-02-07 00:27:18+0800: Error: {"error":"[json.exception.parse_error.101] parse error at line 1, column 1: syntax error while parsing value - invalid literal; last read: 'W' - could not parse input line as json request: W[jo]"}
2026-02-07 00:27:18+0800: Error: {"error":"[json.exception.parse_error.101] parse error at line 1, column 1: syntax error while parsing value - invalid literal; last read: 'W' - could not parse input line as json request: W[lo]"}
2026-02-07 00:27:18+0800: Error: {"error":"[json.exception.parse_error.101] parse error at line 1, column 1: syntax error while parsing value - invalid literal; last read: 'W' - could not parse input line as json request: W[oo]"}
2026-02-07 00:27:18+0800: Error: {"error":"[json.exception.parse_error.101] parse error at line 1, column 1: syntax error while parsing value - invalid literal; last read: 'W' - could not parse input line as json request: W[po]"}
2026-02-07 00:27:18+0800: Error: {"error":"[json.exception.parse_error.101] parse error at line 1, column 1: syntax error while parsing value - invalid literal; last read: 'W' - could not parse input line as json request: W[bp]"}
2026-02-07 00:27:18+0800: Error: {"error":"[json.exception.parse_error.101] parse error at line 1, column 1: syntax error while parsing value - invalid literal; last read: 'W' - could not parse input line as json request: W[dp]"}
2026-02-07 00:27:18+0800: Error: {"error":"[json.exception.parse_error.101] parse error at line 1, column 1: syntax error while parsing value - invalid literal; last read: 'W' - could not parse input line as json request: W[ep]"}
2026-02-07 00:27:18+0800: Error: {"error":"[json.exception.parse_error.101] parse error at line 1, column 1: syntax error while parsing value - invalid literal; last read: 'W' - could not parse input line as json request: W[fp]"}
2026-02-07 00:27:18+0800: Error: {"error":"[json.exception.parse_error.101] parse error at line 1, column 1: syntax error while parsing value - invalid literal; last read: 'W' - could not parse input line as json request: W[gp]"}
2026-02-07 00:27:18+0800: Error: {"error":"[json.exception.parse_error.101] parse error at line 1, column 1: syntax error while parsing value - invalid literal; last read: 'W' - could not parse input line as json request: W[hp]"}
2026-02-07 00:27:18+0800: Error: {"error":"[json.exception.parse_error.101] parse error at line 1, column 1: syntax error while parsing value - invalid literal; last read: 'W' - could not parse input line as json request: W[ip]"}
2026-02-07 00:27:18+0800: Error: {"error":"[json.exception.parse_error.101] parse error at line 1, column 1: syntax error while parsing value - invalid literal; last read: 'W' - could not parse input line as json request: W[lp]"}
2026-02-07 00:27:18+0800: Error: {"error":"[json.exception.parse_error.101] parse error at line 1, column 1: syntax error while parsing value - invalid literal; last read: 'B' - could not parse input line as json request: B[np]"}
2026-02-07 00:27:18+0800: Error: {"error":"[json.exception.parse_error.101] parse error at line 1, column 1: syntax error while parsing value - invalid literal; last read: 'W' - could not parse input line as json request: W[op]"}
2026-02-07 00:27:18+0800: Error: {"error":"[json.exception.parse_error.101] parse error at line 1, column 1: syntax error while parsing value - invalid literal; last read: 'W' - could not parse input line as json request: W[qp]"}
2026-02-07 00:27:18+0800: Error: {"error":"[json.exception.parse_error.101] parse error at line 1, column 1: syntax error while parsing value - invalid literal; last read: 'W' - could not parse input line as json request: W[bq]"}
2026-02-07 00:27:18+0800: Error: {"error":"[json.exception.parse_error.101] parse error at line 1, column 1: syntax error while parsing value - invalid literal; last read: 'W' - could not parse input line as json request: W[eq]"}
2026-02-07 00:27:18+0800: Error: {"error":"[json.exception.parse_error.101] parse error at line 1, column 1: syntax error while parsing value - invalid literal; last read: 'W' - could not parse input line as json request: W[gq]"}
2026-02-07 00:27:18+0800: Error: {"error":"[json.exception.parse_error.101] parse error at line 1, column 1: syntax error while parsing value - invalid literal; last read: 'W' - could not parse input line as json request: W[jq]"}
2026-02-07 00:27:18+0800: Error: {"error":"[json.exception.parse_error.101] parse error at line 1, column 1: syntax error while parsing value - invalid literal; last read: 'W' - could not parse input line as json request: W[mq]"}
2026-02-07 00:27:18+0800: Error: {"error":"[json.exception.parse_error.101] parse error at line 1, column 1: syntax error while parsing value - invalid literal; last read: 'W' - could not parse input line as json request: W[oq]"}
2026-02-07 00:27:18+0800: Error: {"error":"[json.exception.parse_error.101] parse error at line 1, column 1: syntax error while parsing value - invalid literal; last read: 'W' - could not parse input line as json request: W[br]"}
2026-02-07 00:27:18+0800: Error: {"error":"[json.exception.parse_error.101] parse error at line 1, column 1: syntax error while parsing value - invalid literal; last read: 'W' - could not parse input line as json request: W[cr]"}
2026-02-07 00:27:18+0800: Error: {"error":"[json.exception.parse_error.101] parse error at line 1, column 1: syntax error while parsing value - invalid literal; last read: 'W' - could not parse input line as json request: W[er]"}
2026-02-07 00:27:18+0800: Error: {"error":"[json.exception.parse_error.101] parse error at line 1, column 1: syntax error while parsing value - invalid literal; last read: 'W' - could not parse input line as json request: W[fr]"}
2026-02-07 00:27:18+0800: Error: {"error":"[json.exception.parse_error.101] parse error at line 1, column 1: syntax error while parsing value - invalid literal; last read: 'W' - could not parse input line as json request: W[hr]"}
2026-02-07 00:27:18+0800: Error: {"error":"[json.exception.parse_error.101] parse error at line 1, column 1: syntax error while parsing value - invalid literal; last read: 'W' - could not parse input line as json request: W[ir]"}
2026-02-07 00:27:18+0800: Error: {"error":"[json.exception.parse_error.101] parse error at line 1, column 1: syntax error while parsing value - invalid literal; last read: 'W' - could not parse input line as json request: W[kr]"}
2026-02-07 00:27:18+0800: Error: {"error":"[json.exception.parse_error.101] parse error at line 1, column 1: syntax error while parsing value - invalid literal; last read: 'W' - could not parse input line as json request: W[nr]"}
2026-02-07 00:27:18+0800: Error: {"error":"[json.exception.parse_error.101] parse error at line 1, column 1: syntax error while parsing value - invalid literal; last read: 'W' - could not parse input line as json request: W[bs]"}
2026-02-07 00:27:18+0800: Error: {"error":"[json.exception.parse_error.101] parse error at line 1, column 1: syntax error while parsing value - invalid literal; last read: 'W' - could not parse input line as json request: W[es]"}
2026-02-07 00:27:18+0800: Error: {"error":"[json.exception.parse_error.101] parse error at line 1, column 1: syntax error while parsing value - invalid literal; last read: 'W' - could not parse input line as json request: W[is]"}
2026-02-07 00:27:18+0800: Error: {"error":"[json.exception.parse_error.101] parse error at line 1, column 1: syntax error while parsing value - invalid literal; last read: 'W' - could not parse input line as json request: W[js]"}
2026-02-07 00:27:18+0800: Error: {"error":"[json.exception.parse_error.101] parse error at line 1, column 1: syntax error while parsing value - invalid literal; last read: 'W' - could not parse input line as json request: W[ns]"}
2026-02-07 00:27:18+0800: Error: {"error":"[json.exception.parse_error.101] parse error at line 1, column 1: syntax error while parsing value - invalid literal; last read: 'W' - could not parse input line as json request: W[ps]"}
2026-02-07 00:27:18+0800: Error: {"error":"[json.exception.parse_error.101] parse error at line 1, column 1: syntax error while parsing value - invalid literal; last read: 'W' - could not parse input line as json request: W[qs]"}
2026-02-07 00:27:18+0800: Error: {"error":"[json.exception.parse_error.101] parse error at line 1, column 1: syntax error while parsing value - invalid literal; last read: ')' - could not parse input line as json request: )"}
2026-02-07 00:27:18+0800: /Users/haoc/.openclaw/workspace/katago_model.bin.gz
2026-02-07 00:27:18+0800: NN rows: 0
2026-02-07 00:27:18+0800: NN batches: 0
2026-02-07 00:27:18+0800: NN avg batch size: nan
2026-02-07 00:27:18+0800: GPU -1 finishing, processed 0 rows 0 batches
2026-02-07 00:27:18+0800: All cleaned up, quitting
