2026-02-07 00:27:39+0800: Running with following config:
allowResignation = true
lagBuffer = 1.0
logAllGTPCommunication = true
logDir = gtp_logs
logSearchInfo = true
logSearchInfoForChosenMove = false
logToStderr = false
maxTimePondering = 60.0
maxVisits = 500
numSearchThreads = 6
ponderingEnabled = false
resignConsecTurns = 3
resignThreshold = -0.90
rules = tromp-taylor
searchFactorAfterOnePass = 0.50
searchFactorAfterTwoPass = 0.25
searchFactorWhenWinning = 0.40
searchFactorWhenWinningThreshold = 0.95

2026-02-07 00:27:39+0800: GTP Engine starting...
2026-02-07 00:27:39+0800: KataGo v1.16.4
2026-02-07 00:27:39+0800: Using TrompTaylor rules initially, unless GTP/GUI overrides this
2026-02-07 00:27:39+0800: Using 6 CPU thread(s) for search
2026-02-07 00:27:39+0800: nnRandSeed0 = 5834421419024370795
2026-02-07 00:27:39+0800: After dedups: nnModelFile0 = katago_model.bin.gz useFP16 auto useNHWC auto
2026-02-07 00:27:39+0800: Initializing neural net buffer to be size 19 * 19 exactly
2026-02-07 00:27:40+0800: Loaded neural net with nnXLen 19 nnYLen 19
2026-02-07 00:27:40+0800: Initializing board with boardXSize 19 boardYSize 19
2026-02-07 00:27:40+0800: Loaded config /opt/homebrew/share/katago/configs/gtp_example.cfg
2026-02-07 00:27:40+0800: Loaded model katago_model.bin.gz
2026-02-07 00:27:40+0800: Model name: g170-b20c256x2-s5303129600-d1228401921
2026-02-07 00:27:40+0800: GTP ready, beginning main protocol loop
2026-02-07 00:27:40+0800: Controller: loadsgf test_v3.sgf
2026-02-07 00:27:40+0800: Sgf has no rules, using default rules with SGF-specified komi: koPOSITIONALscoreAREAtaxNONEsui1komi6.5
2026-02-07 00:27:40+0800: ? Could not load sgf: Illegal move in test_v3.sgf turn 93 move D10
2026-02-07 00:27:40+0800: Controller: printsgf
2026-02-07 00:27:40+0800: = (;FF[4]GM[1]SZ[19]PB[]PW[]HA[0]KM[7.5]RU[TrompTaylor])
2026-02-07 00:27:40+0800: Controller: quit
2026-02-07 00:27:40+0800: Quit requested by controller
2026-02-07 00:27:40+0800: = 
2026-02-07 00:27:40+0800: GPU -1 finishing, processed 0 rows 0 batches
2026-02-07 00:27:40+0800: All cleaned up, quitting
