2026-02-07 05:19:51+0800: Running with following config:
allowResignation = true
lagBuffer = 1.0
logAllGTPCommunication = true
logDir = gtp_logs
logSearchInfo = true
logSearchInfoForChosenMove = false
logToStderr = false
maxTimePondering = 60.0
maxVisits = 500
numSearchThreads = 6
ponderingEnabled = false
resignConsecTurns = 3
resignThreshold = -0.90
rules = tromp-taylor
searchFactorAfterOnePass = 0.50
searchFactorAfterTwoPass = 0.25
searchFactorWhenWinning = 0.40
searchFactorWhenWinningThreshold = 0.95

2026-02-07 05:19:51+0800: GTP Engine starting...
2026-02-07 05:19:51+0800: KataGo v1.16.4
2026-02-07 05:19:51+0800: Using TrompTaylor rules initially, unless GTP/GUI overrides this
2026-02-07 05:19:51+0800: Using 6 CPU thread(s) for search
2026-02-07 05:19:51+0800: nnRandSeed0 = 7756783324599119183
2026-02-07 05:19:51+0800: After dedups: nnModelFile0 = /Users/haoc/.katago/models/kata1-b28c512nbt-s12374138624-d5703190512.bin.gz useFP16 auto useNHWC auto
2026-02-07 05:19:51+0800: Initializing neural net buffer to be size 19 * 19 exactly
2026-02-07 05:19:52+0800: Loaded neural net with nnXLen 19 nnYLen 19
2026-02-07 05:19:52+0800: Initializing board with boardXSize 19 boardYSize 19
2026-02-07 05:19:52+0800: Loaded config /opt/homebrew/Cellar/katago/1.16.4/share/katago/configs/gtp_example.cfg
2026-02-07 05:19:52+0800: Loaded model /Users/haoc/.katago/models/kata1-b28c512nbt-s12374138624-d5703190512.bin.gz
2026-02-07 05:19:52+0800: Model name: kata1-b28c512nbt-s12374138624-d5703190512
2026-02-07 05:19:52+0800: GTP ready, beginning main protocol loop
2026-02-07 05:20:01+0800: GPU -1 finishing, processed 0 rows 0 batches
2026-02-07 05:20:01+0800: All cleaned up, quitting
