2026-02-07 00:28:37+0800: Running with following config:
allowResignation = true
lagBuffer = 1.0
logAllGTPCommunication = true
logDir = gtp_logs
logSearchInfo = true
logSearchInfoForChosenMove = false
logToStderr = false
maxTimePondering = 60.0
maxVisits = 500
numSearchThreads = 6
ponderingEnabled = false
resignConsecTurns = 3
resignThreshold = -0.90
rules = tromp-taylor
searchFactorAfterOnePass = 0.50
searchFactorAfterTwoPass = 0.25
searchFactorWhenWinning = 0.40
searchFactorWhenWinningThreshold = 0.95

2026-02-07 00:28:37+0800: GTP Engine starting...
2026-02-07 00:28:37+0800: KataGo v1.16.4
2026-02-07 00:28:37+0800: Using TrompTaylor rules initially, unless GTP/GUI overrides this
2026-02-07 00:28:37+0800: Using 6 CPU thread(s) for search
2026-02-07 00:28:37+0800: nnRandSeed0 = 3529842768037245685
2026-02-07 00:28:37+0800: After dedups: nnModelFile0 = katago_model.bin.gz useFP16 auto useNHWC auto
2026-02-07 00:28:37+0800: Initializing neural net buffer to be size 19 * 19 exactly
2026-02-07 00:28:37+0800: Loaded neural net with nnXLen 19 nnYLen 19
2026-02-07 00:28:37+0800: Initializing board with boardXSize 19 boardYSize 19
2026-02-07 00:28:37+0800: Loaded config /opt/homebrew/share/katago/configs/gtp_example.cfg
2026-02-07 00:28:37+0800: Loaded model katago_model.bin.gz
2026-02-07 00:28:37+0800: Model name: g170-b20c256x2-s5303129600-d1228401921
2026-02-07 00:28:37+0800: GTP ready, beginning main protocol loop
2026-02-07 00:28:37+0800: Controller: loadsgf test_v3.sgf
2026-02-07 00:28:37+0800: Sgf has no rules, using default rules with SGF-specified komi: koPOSITIONALscoreAREAtaxNONEsui1komi6.5
2026-02-07 00:28:37+0800: ? Could not load sgf: Illegal move in test_v3.sgf turn 93 move D10
2026-02-07 00:28:37+0800: Controller: genmove b
2026-02-07 00:28:42+0800: MoveNum: 0 HASH: CDCBC1F514D7E680FACD226074256633
   A B C D E F G H J K L M N O P Q R S T
19 . . . . . . . . . . . . . . . . . . .
18 . . . . . . . . . . . . . . . . . . .
17 . . . . . . . . . . . . . . . . . . .
16 . . . . . . . . . . . . . . . @ . . .
15 . . . . . . . . . . . . . . . . . . .
14 . . . . . . . . . . . . . . . . . . .
13 . . . . . . . . . . . . . . . . . . .
12 . . . . . . . . . . . . . . . . . . .
11 . . . . . . . . . . . . . . . . . . .
10 . . . . . . . . . . . . . . . . . . .
 9 . . . . . . . . . . . . . . . . . . .
 8 . . . . . . . . . . . . . . . . . . .
 7 . . . . . . . . . . . . . . . . . . .
 6 . . . . . . . . . . . . . . . . . . .
 5 . . . . . . . . . . . . . . . . . . .
 4 . . . . . . . . . . . . . . . . . . .
 3 . . . . . . . . . . . . . . . . . . .
 2 . . . . . . . . . . . . . . . . . . .
 1 . . . . . . . . . . . . . . . . . . .

koPOSITIONALscoreAREAtaxNONEsui1komi7.5
Time taken: 5.36193
Root visits: 505
New playouts: 505
NN rows: 419
NN batches: 141
NN avg batch size: 2.97163
PV: Q16 Q4 D4 D16 R3 R4 Q3 O3 O2 N2
Tree:
: T -19.32c W -19.34c S  -0.26c ( -1.4 L  -0.8) N     505  --  Q16 Q4 D4 D16 R3 R4 Q3
---Black(^)---
Q16 : T -17.35c W -17.68c S  -0.10c ( -1.2 L  -0.7) LCB  -18.03c P  9.56% WF 270.6 PSV     267 N     267  --  Q16 Q4 D4 D16 R3 R4 Q3 O3
R16 : T -19.98c W -19.92c S  -0.32c ( -1.4 L  -0.8) LCB  -20.81c P  5.50% WF 117.9 PSV      13 N     119  --  R16 D16 Q4 D4 C3 C4 D3 E4
Q15 : T -22.02c W -21.37c S  -0.48c ( -1.6 L  -0.9) LCB  -23.33c P  0.90% WF  50.4 PSV       1 N      53  --  Q15 D16 Q4 D4 Q17 R3 Q3
R17 : T -23.65c W -23.12c S  -0.60c ( -1.7 L  -1.0) LCB  -25.47c P  0.23% WF  22.4 PSV       0 N      27  --  R17 D16 Q4 D3 C17 C16
R15 : T -23.80c W -23.16c S  -0.66c ( -1.8 L  -1.1) LCB  -25.64c P  0.13% WF  20.9 PSV       0 N      27  --  R15 D16 Q4 D3 Q17 R3
R14 : T -29.50c W -28.40c S  -1.10c ( -2.3 L  -1.6) LCB -379.50c P  0.05% WF   1.0 PSV       0 N       1  --  R14
R13 : T -33.51c W -32.01c S  -1.50c ( -2.8 L  -1.8) LCB -383.51c P  0.03% WF   1.0 PSV       0 N       1  --  R13
Q14 : T -30.10c W -28.99c S  -1.11c ( -2.3 L  -1.6) LCB -380.10c P  0.03% WF   1.0 PSV       0 N       1  --  Q14
Q13 : T -30.51c W -29.28c S  -1.23c ( -2.5 L  -1.7) LCB -380.51c P  0.03% WF   1.0 PSV       0 N       1  --  Q13
R12 : T -33.37c W -31.88c S  -1.49c ( -2.8 L  -1.8) LCB -383.37c P  0.03% WF   1.0 PSV       0 N       1  --  R12

2026-02-07 00:28:42+0800: = Q16
2026-02-07 00:28:42+0800: Controller: quit
2026-02-07 00:28:42+0800: Quit requested by controller
2026-02-07 00:28:42+0800: = 
2026-02-07 00:28:42+0800: GPU -1 finishing, processed 419 rows 141 batches
2026-02-07 00:28:42+0800: All cleaned up, quitting
