2026-02-07 00:29:36+0800: Running with following config:
allowResignation = true
lagBuffer = 1.0
logAllGTPCommunication = true
logDir = gtp_logs
logSearchInfo = true
logSearchInfoForChosenMove = false
logToStderr = false
maxTimePondering = 60.0
maxVisits = 500
numSearchThreads = 6
ponderingEnabled = false
resignConsecTurns = 3
resignThreshold = -0.90
rules = tromp-taylor
searchFactorAfterOnePass = 0.50
searchFactorAfterTwoPass = 0.25
searchFactorWhenWinning = 0.40
searchFactorWhenWinningThreshold = 0.95

2026-02-07 00:29:36+0800: GTP Engine starting...
2026-02-07 00:29:36+0800: KataGo v1.16.4
2026-02-07 00:29:36+0800: Using TrompTaylor rules initially, unless GTP/GUI overrides this
2026-02-07 00:29:36+0800: Using 6 CPU thread(s) for search
2026-02-07 00:29:36+0800: nnRandSeed0 = 10436079454955256196
2026-02-07 00:29:36+0800: After dedups: nnModelFile0 = /Users/haoc/.openclaw/workspace/katago_model.bin.gz useFP16 auto useNHWC auto
2026-02-07 00:29:36+0800: Initializing neural net buffer to be size 19 * 19 exactly
2026-02-07 00:29:37+0800: Loaded neural net with nnXLen 19 nnYLen 19
2026-02-07 00:29:37+0800: Initializing board with boardXSize 19 boardYSize 19
2026-02-07 00:29:37+0800: Loaded config /opt/homebrew/share/katago/configs/gtp_example.cfg
2026-02-07 00:29:37+0800: Loaded model /Users/haoc/.openclaw/workspace/katago_model.bin.gz
2026-02-07 00:29:37+0800: Model name: g170-b20c256x2-s5303129600-d1228401921
2026-02-07 00:29:37+0800: GTP ready, beginning main protocol loop
2026-02-07 00:29:37+0800: Controller: loadsgf /Users/haoc/.openclaw/workspace/merged_dataset/valid/images/0b24b67a3b0a4db1afe841a1acdb1867_jpg.rf.6919d0af4668f6af5b2b0ddd53832e0a.sgf
2026-02-07 00:29:37+0800: Sgf has no rules, using default rules with SGF-specified komi: koPOSITIONALscoreAREAtaxNONEsui1komi6.5
2026-02-07 00:29:37+0800: ? Could not load sgf: Illegal move in /Users/haoc/.openclaw/workspace/merged_dataset/valid/images/0b24b67a3b0a4db1afe841a1acdb1867_jpg.rf.6919d0af4668f6af5b2b0ddd53832e0a.sgf turn 93 move D10
2026-02-07 00:29:37+0800: Controller: genmove b
2026-02-07 00:29:39+0800: MoveNum: 0 HASH: CDCBC1F514D7E680FACD226074256633
   A B C D E F G H J K L M N O P Q R S T
19 . . . . . . . . . . . . . . . . . . .
18 . . . . . . . . . . . . . . . . . . .
17 . . . . . . . . . . . . . . . . . . .
16 . . . . . . . . . . . . . . . @ . . .
15 . . . . . . . . . . . . . . . . . . .
14 . . . . . . . . . . . . . . . . . . .
13 . . . . . . . . . . . . . . . . . . .
12 . . . . . . . . . . . . . . . . . . .
11 . . . . . . . . . . . . . . . . . . .
10 . . . . . . . . . . . . . . . . . . .
 9 . . . . . . . . . . . . . . . . . . .
 8 . . . . . . . . . . . . . . . . . . .
 7 . . . . . . . . . . . . . . . . . . .
 6 . . . . . . . . . . . . . . . . . . .
 5 . . . . . . . . . . . . . . . . . . .
 4 . . . . . . . . . . . . . . . . . . .
 3 . . . . . . . . . . . . . . . . . . .
 2 . . . . . . . . . . . . . . . . . . .
 1 . . . . . . . . . . . . . . . . . . .

koPOSITIONALscoreAREAtaxNONEsui1komi7.5
Time taken: 2.63561
Root visits: 505
New playouts: 505
NN rows: 426
NN batches: 143
NN avg batch size: 2.97902
PV: Q16 D16 Q4 D4 C17 C16 D17 E16 F17 R3
Tree:
: T -19.39c W -19.50c S  -0.29c ( -1.4 L  -0.8) N     505  --  Q16 D16 Q4 D4 C17 C16 D17
---Black(^)---
Q16 : T -17.30c W -17.69c S  -0.10c ( -1.2 L  -0.7) LCB  -18.10c P  9.56% WF 283.8 PSV     280 N     281  --  Q16 D16 Q4 D4 C17 C16 D17 E16
R16 : T -19.83c W -19.97c S  -0.33c ( -1.4 L  -0.8) LCB  -20.68c P  6.05% WF 121.8 PSV      17 N     123  --  R16 D16 Q4 D4 C3 C4 D3 E4
Q15 : T -22.36c W -21.86c S  -0.53c ( -1.7 L  -1.0) LCB  -23.91c P  0.90% WF  42.0 PSV       1 N      43  --  Q15 D16 Q4 D4 Q17 R3 R4 Q3
R15 : T -23.18c W -22.53c S  -0.62c ( -1.8 L  -1.0) LCB  -26.19c P  0.21% WF  15.1 PSV       0 N      17  --  R15 Q4 Q17 D16 D4
R17 : T -25.54c W -24.87c S  -0.68c ( -1.8 L  -1.1) LCB -375.54c P  0.23% WF   1.0 PSV       0 N       1  --  R17
R14 : T -29.83c W -28.75c S  -1.08c ( -2.3 L  -1.4) LCB -379.83c P  0.05% WF   1.0 PSV       0 N       1  --  R14
Q14 : T -34.07c W -32.51c S  -1.56c ( -2.8 L  -1.9) LCB -384.07c P  0.03% WF   1.0 PSV       0 N       1  --  Q14
R13 : T -33.51c W -32.01c S  -1.50c ( -2.8 L  -1.8) LCB -383.51c P  0.03% WF   1.0 PSV       0 N       1  --  R13
R10 : T -31.18c W -29.86c S  -1.32c ( -2.6 L  -1.8) LCB -381.18c P  0.03% WF   1.0 PSV       0 N       1  --  R10
R12 : T -33.37c W -31.88c S  -1.49c ( -2.8 L  -1.8) LCB -383.37c P  0.03% WF   1.0 PSV       0 N       1  --  R12

2026-02-07 00:29:39+0800: = Q16
2026-02-07 00:29:39+0800: Controller: quit
2026-02-07 00:29:39+0800: Quit requested by controller
2026-02-07 00:29:39+0800: = 
2026-02-07 00:29:39+0800: GPU -1 finishing, processed 426 rows 143 batches
2026-02-07 00:29:39+0800: All cleaned up, quitting
