2026-02-07 02:36:50+0800: Running with following config:
allowResignation = true
lagBuffer = 1.0
logAllGTPCommunication = true
logDir = gtp_logs
logSearchInfo = true
logSearchInfoForChosenMove = false
logToStderr = false
maxTimePondering = 60.0
maxVisits = 500
numSearchThreads = 6
ponderingEnabled = false
resignConsecTurns = 3
resignThreshold = -0.90
rules = tromp-taylor
searchFactorAfterOnePass = 0.50
searchFactorAfterTwoPass = 0.25
searchFactorWhenWinning = 0.40
searchFactorWhenWinningThreshold = 0.95

2026-02-07 02:36:50+0800: GTP Engine starting...
2026-02-07 02:36:50+0800: KataGo v1.16.4
2026-02-07 02:36:50+0800: Using TrompTaylor rules initially, unless GTP/GUI overrides this
2026-02-07 02:36:50+0800: Using 6 CPU thread(s) for search
2026-02-07 02:36:50+0800: nnRandSeed0 = 6125459642069499600
2026-02-07 02:36:50+0800: After dedups: nnModelFile0 = /Users/haoc/.openclaw/workspace/katago_model.bin.gz useFP16 auto useNHWC auto
2026-02-07 02:36:50+0800: Initializing neural net buffer to be size 19 * 19 exactly
2026-02-07 02:36:51+0800: Loaded neural net with nnXLen 19 nnYLen 19
2026-02-07 02:36:51+0800: Initializing board with boardXSize 19 boardYSize 19
2026-02-07 02:36:51+0800: Loaded config /opt/homebrew/share/katago/configs/gtp_example.cfg
2026-02-07 02:36:51+0800: Loaded model /Users/haoc/.openclaw/workspace/katago_model.bin.gz
2026-02-07 02:36:51+0800: Model name: g170-b20c256x2-s5303129600-d1228401921
2026-02-07 02:36:51+0800: GTP ready, beginning main protocol loop
2026-02-07 02:36:51+0800: Controller: loadsgf /Users/haoc/.openclaw/workspace/merged_dataset/valid/images/0b24b67a3b0a4db1afe841a1acdb1867_jpg.rf.6919d0af4668f6af5b2b0ddd53832e0a.sgf
2026-02-07 02:36:51+0800: Sgf has no rules, using default rules with SGF-specified komi: koPOSITIONALscoreAREAtaxNONEsui1komi6.5
2026-02-07 02:36:51+0800: ? Could not load sgf: Illegal move in /Users/haoc/.openclaw/workspace/merged_dataset/valid/images/0b24b67a3b0a4db1afe841a1acdb1867_jpg.rf.6919d0af4668f6af5b2b0ddd53832e0a.sgf turn 93 move D10
2026-02-07 02:36:51+0800: Controller: genmove b
2026-02-07 02:36:53+0800: MoveNum: 0 HASH: CDCBC1F514D7E680FACD226074256633
   A B C D E F G H J K L M N O P Q R S T
19 . . . . . . . . . . . . . . . . . . .
18 . . . . . . . . . . . . . . . . . . .
17 . . . . . . . . . . . . . . . . . . .
16 . . . . . . . . . . . . . . . @ . . .
15 . . . . . . . . . . . . . . . . . . .
14 . . . . . . . . . . . . . . . . . . .
13 . . . . . . . . . . . . . . . . . . .
12 . . . . . . . . . . . . . . . . . . .
11 . . . . . . . . . . . . . . . . . . .
10 . . . . . . . . . . . . . . . . . . .
 9 . . . . . . . . . . . . . . . . . . .
 8 . . . . . . . . . . . . . . . . . . .
 7 . . . . . . . . . . . . . . . . . . .
 6 . . . . . . . . . . . . . . . . . . .
 5 . . . . . . . . . . . . . . . . . . .
 4 . . . . . . . . . . . . . . . . . . .
 3 . . . . . . . . . . . . . . . . . . .
 2 . . . . . . . . . . . . . . . . . . .
 1 . . . . . . . . . . . . . . . . . . .

koPOSITIONALscoreAREAtaxNONEsui1komi7.5
Time taken: 2.48654
Root visits: 505
New playouts: 505
NN rows: 422
NN batches: 142
NN avg batch size: 2.97183
PV: Q16 Q4 D16 D4 R3 R4 Q3 P4 O2 C17
Tree:
: T -19.43c W -19.51c S  -0.29c ( -1.4 L  -0.8) N     505  --  Q16 Q4 D16 D4 R3 R4 Q3
---Black(^)---
Q16 : T -17.48c W -17.78c S  -0.10c ( -1.2 L  -0.7) LCB  -18.19c P  9.56% WF 294.9 PSV     292 N     293  --  Q16 Q4 D16 D4 R3 R4 Q3 P4
R16 : T -19.75c W -19.87c S  -0.31c ( -1.4 L  -0.8) LCB  -20.65c P  5.50% WF 114.8 PSV      17 N     116  --  R16 D16 D4 Q4 R3 R4 Q3 P4
Q15 : T -22.00c W -21.62c S  -0.51c ( -1.6 L  -1.0) LCB  -23.47c P  0.90% WF  33.3 PSV       1 N      34  --  Q15 D16 Q4 D4 Q17 R3 R4
R17 : T -25.13c W -23.89c S  -0.70c ( -1.9 L  -1.1) LCB  -34.30c P  0.23% WF   8.7 PSV       0 N       9  --  R17 D16 D4
R15 : T -26.74c W -25.96c S  -0.79c ( -2.0 L  -1.2) LCB -376.74c P  0.13% WF   1.0 PSV       0 N       1  --  R15
R14 : T -31.97c W -30.64c S  -1.33c ( -2.6 L  -1.7) LCB -381.97c P  0.05% WF   1.0 PSV       0 N       1  --  R14
R13 : T -31.87c W -30.53c S  -1.35c ( -2.6 L  -1.8) LCB -381.87c P  0.03% WF   1.0 PSV       0 N       1  --  R13
Q14 : T -34.07c W -32.51c S  -1.56c ( -2.8 L  -1.9) LCB -384.07c P  0.03% WF   1.0 PSV       0 N       1  --  Q14
Q13 : T -30.51c W -29.28c S  -1.23c ( -2.5 L  -1.7) LCB -380.51c P  0.03% WF   1.0 PSV       0 N       1  --  Q13
R12 : T -31.24c W -29.92c S  -1.33c ( -2.6 L  -1.8) LCB -381.24c P  0.03% WF   1.0 PSV       0 N       1  --  R12

2026-02-07 02:36:53+0800: = Q16
2026-02-07 02:36:53+0800: Controller: quit
2026-02-07 02:36:53+0800: Quit requested by controller
2026-02-07 02:36:53+0800: = 
2026-02-07 02:36:53+0800: GPU -1 finishing, processed 422 rows 142 batches
2026-02-07 02:36:53+0800: All cleaned up, quitting
